{"/Users/ivan/backend-project-lvl2/src/genDiff.js": {"path":"/Users/ivan/backend-project-lvl2/src/genDiff.js","statementMap":{"0":{"start":{"line":5,"column":31},"end":{"line":10,"column":1}},"1":{"start":{"line":6,"column":2},"end":{"line":8,"column":3}},"2":{"start":{"line":7,"column":4},"end":{"line":7,"column":20}},"3":{"start":{"line":9,"column":2},"end":{"line":9,"column":32}},"4":{"start":{"line":12,"column":29},"end":{"line":15,"column":1}},"5":{"start":{"line":13,"column":18},"end":{"line":13,"column":60}},"6":{"start":{"line":14,"column":2},"end":{"line":14,"column":29}},"7":{"start":{"line":17,"column":27},"end":{"line":21,"column":1}},"8":{"start":{"line":18,"column":24},"end":{"line":18,"column":44}},"9":{"start":{"line":19,"column":27},"end":{"line":19,"column":95}},"10":{"start":{"line":19,"column":65},"end":{"line":19,"column":94}},"11":{"start":{"line":20,"column":2},"end":{"line":20,"column":48}},"12":{"start":{"line":23,"column":30},"end":{"line":38,"column":1}},"13":{"start":{"line":24,"column":22},"end":{"line":24,"column":51}},"14":{"start":{"line":25,"column":17},"end":{"line":36,"column":8}},"15":{"start":{"line":26,"column":4},"end":{"line":34,"column":5}},"16":{"start":{"line":27,"column":6},"end":{"line":29,"column":7}},"17":{"start":{"line":28,"column":8},"end":{"line":28,"column":51}},"18":{"start":{"line":30,"column":6},"end":{"line":32,"column":7}},"19":{"start":{"line":31,"column":8},"end":{"line":31,"column":53}},"20":{"start":{"line":33,"column":6},"end":{"line":33,"column":80}},"21":{"start":{"line":35,"column":4},"end":{"line":35,"column":49}},"22":{"start":{"line":37,"column":2},"end":{"line":37,"column":16}},"23":{"start":{"line":40,"column":27},"end":{"line":44,"column":1}},"24":{"start":{"line":41,"column":26},"end":{"line":41,"column":46}},"25":{"start":{"line":42,"column":26},"end":{"line":42,"column":46}},"26":{"start":{"line":43,"column":2},"end":{"line":43,"column":58}}},"fnMap":{"0":{"name":"(anonymous_0)","decl":{"start":{"line":5,"column":31},"end":{"line":5,"column":32}},"loc":{"start":{"line":5,"column":45},"end":{"line":10,"column":1}},"line":5},"1":{"name":"(anonymous_1)","decl":{"start":{"line":12,"column":29},"end":{"line":12,"column":30}},"loc":{"start":{"line":12,"column":43},"end":{"line":15,"column":1}},"line":12},"2":{"name":"(anonymous_2)","decl":{"start":{"line":17,"column":27},"end":{"line":17,"column":28}},"loc":{"start":{"line":17,"column":49},"end":{"line":21,"column":1}},"line":17},"3":{"name":"(anonymous_3)","decl":{"start":{"line":19,"column":55},"end":{"line":19,"column":56}},"loc":{"start":{"line":19,"column":65},"end":{"line":19,"column":94}},"line":19},"4":{"name":"(anonymous_4)","decl":{"start":{"line":23,"column":30},"end":{"line":23,"column":31}},"loc":{"start":{"line":23,"column":52},"end":{"line":38,"column":1}},"line":23},"5":{"name":"(anonymous_5)","decl":{"start":{"line":25,"column":36},"end":{"line":25,"column":37}},"loc":{"start":{"line":25,"column":51},"end":{"line":36,"column":3}},"line":25},"6":{"name":"(anonymous_6)","decl":{"start":{"line":40,"column":27},"end":{"line":40,"column":28}},"loc":{"start":{"line":40,"column":45},"end":{"line":44,"column":1}},"line":40}},"branchMap":{"0":{"loc":{"start":{"line":6,"column":2},"end":{"line":8,"column":3}},"type":"if","locations":[{"start":{"line":6,"column":2},"end":{"line":8,"column":3}},{"start":{"line":6,"column":2},"end":{"line":8,"column":3}}],"line":6},"1":{"loc":{"start":{"line":26,"column":4},"end":{"line":34,"column":5}},"type":"if","locations":[{"start":{"line":26,"column":4},"end":{"line":34,"column":5}},{"start":{"line":26,"column":4},"end":{"line":34,"column":5}}],"line":26},"2":{"loc":{"start":{"line":27,"column":6},"end":{"line":29,"column":7}},"type":"if","locations":[{"start":{"line":27,"column":6},"end":{"line":29,"column":7}},{"start":{"line":27,"column":6},"end":{"line":29,"column":7}}],"line":27},"3":{"loc":{"start":{"line":30,"column":6},"end":{"line":32,"column":7}},"type":"if","locations":[{"start":{"line":30,"column":6},"end":{"line":32,"column":7}},{"start":{"line":30,"column":6},"end":{"line":32,"column":7}}],"line":30}},"s":{"0":1,"1":8,"2":5,"3":3,"4":1,"5":4,"6":4,"7":1,"8":1,"9":1,"10":4,"11":1,"12":1,"13":1,"14":1,"15":6,"16":4,"17":2,"18":2,"19":1,"20":1,"21":2,"22":1,"23":1,"24":0,"25":0,"26":0},"f":{"0":8,"1":4,"2":1,"3":4,"4":1,"5":6,"6":0},"b":{"0":[5,3],"1":[4,2],"2":[2,2],"3":[1,1]},"_coverageSchema":"1a1c01bbd47fc00a2c39e90264f33305004495a9","hash":"8efc28400ee6386ce1d2b77e2d66cc54dd623b7b"}
}
