TN:
SF:src/genDiff.js
FN:5,(anonymous_0)
FN:12,(anonymous_1)
FN:17,(anonymous_2)
FN:19,(anonymous_3)
FN:23,(anonymous_4)
FN:25,(anonymous_5)
FN:40,(anonymous_6)
FNF:7
FNH:6
FNDA:8,(anonymous_0)
FNDA:4,(anonymous_1)
FNDA:1,(anonymous_2)
FNDA:4,(anonymous_3)
FNDA:1,(anonymous_4)
FNDA:6,(anonymous_5)
FNDA:0,(anonymous_6)
DA:5,1
DA:6,8
DA:7,5
DA:9,3
DA:12,1
DA:13,4
DA:14,4
DA:17,1
DA:18,1
DA:19,4
DA:20,1
DA:23,1
DA:24,1
DA:25,1
DA:26,6
DA:27,4
DA:28,2
DA:30,2
DA:31,1
DA:33,1
DA:35,2
DA:37,1
DA:40,1
DA:41,0
DA:42,0
DA:43,0
LF:26
LH:23
BRDA:6,0,0,5
BRDA:6,0,1,3
BRDA:26,1,0,4
BRDA:26,1,1,2
BRDA:27,2,0,2
BRDA:27,2,1,2
BRDA:30,3,0,1
BRDA:30,3,1,1
BRF:8
BRH:8
end_of_record
